Traceback (most recent call last):
  File "/opt/anaconda3/envs/jupyter-book-py311/lib/python3.11/site-packages/jupyter_cache/executors/utils.py", line 58, in single_nb_execution
    executenb(
  File "/opt/anaconda3/envs/jupyter-book-py311/lib/python3.11/site-packages/nbclient/client.py", line 1305, in execute
    return NotebookClient(nb=nb, resources=resources, km=km, **kwargs).execute()
           ^^^^^^^^^^^^^^^^^^^^^^^^^^^^^^^^^^^^^^^^^^^^^^^^^^^^^^^^^^^^^^^^^^^^^
  File "/opt/anaconda3/envs/jupyter-book-py311/lib/python3.11/site-packages/jupyter_core/utils/__init__.py", line 173, in wrapped
    return loop.run_until_complete(inner)
           ^^^^^^^^^^^^^^^^^^^^^^^^^^^^^^
  File "/opt/anaconda3/envs/jupyter-book-py311/lib/python3.11/asyncio/base_events.py", line 654, in run_until_complete
    return future.result()
           ^^^^^^^^^^^^^^^
  File "/opt/anaconda3/envs/jupyter-book-py311/lib/python3.11/site-packages/nbclient/client.py", line 705, in async_execute
    await self.async_execute_cell(
  File "/opt/anaconda3/envs/jupyter-book-py311/lib/python3.11/site-packages/nbclient/client.py", line 1058, in async_execute_cell
    await self._check_raise_for_error(cell, cell_index, exec_reply)
  File "/opt/anaconda3/envs/jupyter-book-py311/lib/python3.11/site-packages/nbclient/client.py", line 914, in _check_raise_for_error
    raise CellExecutionError.from_cell_and_msg(cell, exec_reply_content)
nbclient.exceptions.CellExecutionError: An error occurred while executing the following cell:
------------------
# è·é›¢ã«å¿œã˜ãŸé«˜ã•ã‚’æã
ax=csv_df.plot.scatter(x='distance', y='elevation', title='Sosui canal')
ax.set_xlabel("Distance(m)")
ax.grid()
ax.set_ylabel("Elevation(m)")
------------------


[0;31m---------------------------------------------------------------------------[0m
[0;31mImportError[0m                               Traceback (most recent call last)
Cell [0;32mIn[4], line 2[0m
[1;32m      1[0m [38;5;66;03m# è·é›¢ã«å¿œã˜ãŸé«˜ã•ã‚’æã[39;00m
[0;32m----> 2[0m ax[38;5;241m=[39mcsv_df[38;5;241m.[39mplot[38;5;241m.[39mscatter(x[38;5;241m=[39m[38;5;124m'[39m[38;5;124mdistance[39m[38;5;124m'[39m, y[38;5;241m=[39m[38;5;124m'[39m[38;5;124melevation[39m[38;5;124m'[39m, title[38;5;241m=[39m[38;5;124m'[39m[38;5;124mSosui canal[39m[38;5;124m'[39m)
[1;32m      3[0m ax[38;5;241m.[39mset_xlabel([38;5;124m"[39m[38;5;124mDistance(m)[39m[38;5;124m"[39m)
[1;32m      4[0m ax[38;5;241m.[39mgrid()

File [0;32m/opt/anaconda3/envs/jupyter-book-py311/lib/python3.11/site-packages/pandas/plotting/_core.py:1751[0m, in [0;36mPlotAccessor.scatter[0;34m(self, x, y, s, c, **kwargs)[0m
[1;32m   1663[0m [38;5;28;01mdef[39;00m [38;5;21mscatter[39m(
[1;32m   1664[0m     [38;5;28mself[39m,
[1;32m   1665[0m     x: Hashable,
[0;32m   (...)[0m
[1;32m   1669[0m     [38;5;241m*[39m[38;5;241m*[39mkwargs,
[1;32m   1670[0m ) [38;5;241m-[39m[38;5;241m>[39m PlotAccessor:
[1;32m   1671[0m [38;5;250m    [39m[38;5;124;03m"""[39;00m
[1;32m   1672[0m [38;5;124;03m    Create a scatter plot with varying marker point size and color.[39;00m
[1;32m   1673[0m 
[0;32m   (...)[0m
[1;32m   1749[0m [38;5;124;03m        ...                       colormap='viridis')[39;00m
[1;32m   1750[0m [38;5;124;03m    """[39;00m
[0;32m-> 1751[0m     [38;5;28;01mreturn[39;00m [38;5;28mself[39m(kind[38;5;241m=[39m[38;5;124m"[39m[38;5;124mscatter[39m[38;5;124m"[39m, x[38;5;241m=[39mx, y[38;5;241m=[39my, s[38;5;241m=[39ms, c[38;5;241m=[39mc, [38;5;241m*[39m[38;5;241m*[39mkwargs)

File [0;32m/opt/anaconda3/envs/jupyter-book-py311/lib/python3.11/site-packages/pandas/plotting/_core.py:951[0m, in [0;36mPlotAccessor.__call__[0;34m(self, *args, **kwargs)[0m
[1;32m    950[0m [38;5;28;01mdef[39;00m [38;5;21m__call__[39m([38;5;28mself[39m, [38;5;241m*[39margs, [38;5;241m*[39m[38;5;241m*[39mkwargs):
[0;32m--> 951[0m     plot_backend [38;5;241m=[39m _get_plot_backend(kwargs[38;5;241m.[39mpop([38;5;124m"[39m[38;5;124mbackend[39m[38;5;124m"[39m, [38;5;28;01mNone[39;00m))
[1;32m    953[0m     x, y, kind, kwargs [38;5;241m=[39m [38;5;28mself[39m[38;5;241m.[39m_get_call_args(
[1;32m    954[0m         plot_backend[38;5;241m.[39m[38;5;18m__name__[39m, [38;5;28mself[39m[38;5;241m.[39m_parent, args, kwargs
[1;32m    955[0m     )
[1;32m    957[0m     kind [38;5;241m=[39m [38;5;28mself[39m[38;5;241m.[39m_kind_aliases[38;5;241m.[39mget(kind, kind)

File [0;32m/opt/anaconda3/envs/jupyter-book-py311/lib/python3.11/site-packages/pandas/plotting/_core.py:1947[0m, in [0;36m_get_plot_backend[0;34m(backend)[0m
[1;32m   1944[0m [38;5;28;01mif[39;00m backend_str [38;5;129;01min[39;00m _backends:
[1;32m   1945[0m     [38;5;28;01mreturn[39;00m _backends[backend_str]
[0;32m-> 1947[0m module [38;5;241m=[39m _load_backend(backend_str)
[1;32m   1948[0m _backends[backend_str] [38;5;241m=[39m module
[1;32m   1949[0m [38;5;28;01mreturn[39;00m module

File [0;32m/opt/anaconda3/envs/jupyter-book-py311/lib/python3.11/site-packages/pandas/plotting/_core.py:1877[0m, in [0;36m_load_backend[0;34m(backend)[0m
[1;32m   1875[0m         module [38;5;241m=[39m importlib[38;5;241m.[39mimport_module([38;5;124m"[39m[38;5;124mpandas.plotting._matplotlib[39m[38;5;124m"[39m)
[1;32m   1876[0m     [38;5;28;01mexcept[39;00m [38;5;167;01mImportError[39;00m:
[0;32m-> 1877[0m         [38;5;28;01mraise[39;00m [38;5;167;01mImportError[39;00m(
[1;32m   1878[0m             [38;5;124m"[39m[38;5;124mmatplotlib is required for plotting when the [39m[38;5;124m"[39m
[1;32m   1879[0m             [38;5;124m'[39m[38;5;124mdefault backend [39m[38;5;124m"[39m[38;5;124mmatplotlib[39m[38;5;124m"[39m[38;5;124m is selected.[39m[38;5;124m'[39m
[1;32m   1880[0m         ) [38;5;28;01mfrom[39;00m [38;5;28;01mNone[39;00m
[1;32m   1881[0m     [38;5;28;01mreturn[39;00m module
[1;32m   1883[0m found_backend [38;5;241m=[39m [38;5;28;01mFalse[39;00m

[0;31mImportError[0m: matplotlib is required for plotting when the default backend "matplotlib" is selected.

